0 info it worked if it ends with ok
1 verbose cli [ 'D:\\Program Files\\nodejs\\node.exe',
1 verbose cli   'C:\\Users\\pengteling\\AppData\\Roaming\\npm\\node_modules\\npm\\bin\\npm-cli.js',
1 verbose cli   'i',
1 verbose cli   'TweenMax',
1 verbose cli   '--save-dev' ]
2 info using npm@3.10.3
3 info using node@v4.3.1
4 silly loadCurrentTree Starting
5 silly install loadCurrentTree
6 silly install readLocalPackageData
7 silly fetchPackageMetaData TweenMax
8 silly fetchNamedPackageData TweenMax
9 silly mapToRegistry name TweenMax
10 silly mapToRegistry using default registry
11 silly mapToRegistry registry https://registry.npmjs.org/
12 silly mapToRegistry data Result {
12 silly mapToRegistry   raw: 'TweenMax',
12 silly mapToRegistry   scope: null,
12 silly mapToRegistry   escapedName: 'TweenMax',
12 silly mapToRegistry   name: 'TweenMax',
12 silly mapToRegistry   rawSpec: '',
12 silly mapToRegistry   spec: 'latest',
12 silly mapToRegistry   type: 'tag' }
13 silly mapToRegistry uri https://registry.npmjs.org/TweenMax
14 verbose request uri https://registry.npmjs.org/TweenMax
15 verbose request no auth needed
16 info attempt registry request try #1 at 16:47:28
17 verbose request id abc028fd6cd968fd
18 http request GET https://registry.npmjs.org/TweenMax
19 info retry will retry, error on last attempt: Error: read ECONNRESET
20 info attempt registry request try #2 at 16:47:48
21 http request GET https://registry.npmjs.org/TweenMax
22 http 404 https://registry.npmjs.org/TweenMax
23 verbose headers { 'content-type': 'application/json',
23 verbose headers   'cache-control': 'max-age=0',
23 verbose headers   'content-length': '2',
23 verbose headers   'accept-ranges': 'bytes',
23 verbose headers   date: 'Thu, 14 Jul 2016 08:48:15 GMT',
23 verbose headers   via: '1.1 varnish',
23 verbose headers   age: '0',
23 verbose headers   connection: 'keep-alive',
23 verbose headers   'x-served-by': 'cache-ams4425-AMS',
23 verbose headers   'x-cache': 'MISS',
23 verbose headers   'x-cache-hits': '0',
23 verbose headers   'x-timer': 'S1468486095.231384,VS0,VE93',
23 verbose headers   vary: 'Accept-Encoding' }
24 silly get cb [ 404,
24 silly get   { 'content-type': 'application/json',
24 silly get     'cache-control': 'max-age=0',
24 silly get     'content-length': '2',
24 silly get     'accept-ranges': 'bytes',
24 silly get     date: 'Thu, 14 Jul 2016 08:48:15 GMT',
24 silly get     via: '1.1 varnish',
24 silly get     age: '0',
24 silly get     connection: 'keep-alive',
24 silly get     'x-served-by': 'cache-ams4425-AMS',
24 silly get     'x-cache': 'MISS',
24 silly get     'x-cache-hits': '0',
24 silly get     'x-timer': 'S1468486095.231384,VS0,VE93',
24 silly get     vary: 'Accept-Encoding' } ]
25 silly fetchPackageMetaData Error: Registry returned 404 for GET on https://registry.npmjs.org/TweenMax
25 silly fetchPackageMetaData     at makeError (C:\Users\pengteling\AppData\Roaming\npm\node_modules\npm\node_modules\npm-registry-client\lib\request.js:264:12)
25 silly fetchPackageMetaData     at CachingRegistryClient.<anonymous> (C:\Users\pengteling\AppData\Roaming\npm\node_modules\npm\node_modules\npm-registry-client\lib\request.js:242:14)
25 silly fetchPackageMetaData     at Request._callback (C:\Users\pengteling\AppData\Roaming\npm\node_modules\npm\node_modules\npm-registry-client\lib\request.js:172:14)
25 silly fetchPackageMetaData     at Request.self.callback (C:\Users\pengteling\AppData\Roaming\npm\node_modules\npm\node_modules\request\request.js:200:22)
25 silly fetchPackageMetaData     at emitTwo (events.js:87:13)
25 silly fetchPackageMetaData     at Request.emit (events.js:172:7)
25 silly fetchPackageMetaData     at Request.<anonymous> (C:\Users\pengteling\AppData\Roaming\npm\node_modules\npm\node_modules\request\request.js:1067:10)
25 silly fetchPackageMetaData     at emitOne (events.js:82:20)
25 silly fetchPackageMetaData     at Request.emit (events.js:169:7)
25 silly fetchPackageMetaData     at IncomingMessage.<anonymous> (C:\Users\pengteling\AppData\Roaming\npm\node_modules\npm\node_modules\request\request.js:988:12)
25 silly fetchPackageMetaData  error for TweenMax { [Error: Registry returned 404 for GET on https://registry.npmjs.org/TweenMax] pkgid: 'TweenMax', statusCode: 404, code: 'E404' }
26 silly rollbackFailedOptional Starting
27 silly rollbackFailedOptional Finishing
28 silly runTopLevelLifecycles Starting
29 silly runTopLevelLifecycles Finishing
30 silly install printInstalled
31 verbose stack Error: Registry returned 404 for GET on https://registry.npmjs.org/TweenMax
31 verbose stack     at makeError (C:\Users\pengteling\AppData\Roaming\npm\node_modules\npm\node_modules\npm-registry-client\lib\request.js:264:12)
31 verbose stack     at CachingRegistryClient.<anonymous> (C:\Users\pengteling\AppData\Roaming\npm\node_modules\npm\node_modules\npm-registry-client\lib\request.js:242:14)
31 verbose stack     at Request._callback (C:\Users\pengteling\AppData\Roaming\npm\node_modules\npm\node_modules\npm-registry-client\lib\request.js:172:14)
31 verbose stack     at Request.self.callback (C:\Users\pengteling\AppData\Roaming\npm\node_modules\npm\node_modules\request\request.js:200:22)
31 verbose stack     at emitTwo (events.js:87:13)
31 verbose stack     at Request.emit (events.js:172:7)
31 verbose stack     at Request.<anonymous> (C:\Users\pengteling\AppData\Roaming\npm\node_modules\npm\node_modules\request\request.js:1067:10)
31 verbose stack     at emitOne (events.js:82:20)
31 verbose stack     at Request.emit (events.js:169:7)
31 verbose stack     at IncomingMessage.<anonymous> (C:\Users\pengteling\AppData\Roaming\npm\node_modules\npm\node_modules\request\request.js:988:12)
32 verbose statusCode 404
33 verbose pkgid TweenMax
34 verbose cwd K:\jnxc
35 error Windows_NT 6.1.7601
36 error argv "D:\\Program Files\\nodejs\\node.exe" "C:\\Users\\pengteling\\AppData\\Roaming\\npm\\node_modules\\npm\\bin\\npm-cli.js" "i" "TweenMax" "--save-dev"
37 error node v4.3.1
38 error npm  v3.10.3
39 error code E404
40 error 404 Registry returned 404 for GET on https://registry.npmjs.org/TweenMax
41 error 404
42 error 404 'TweenMax' is not in the npm registry.
43 error 404 Your package name is not valid, because
44 error 404 1. name can no longer contain capital letters
45 error 404 Note that you can also install from a
46 error 404 tarball, folder, http url, or git url.
47 verbose exit [ 1, true ]
